This is pdfTeX, Version 3.1415926-2.5-1.40.14 (TeX Live 2013/Debian) (format=pdflatex 2014.6.8)  20 APR 2015 10:09
entering extended mode
 \write18 enabled.
 %&-line parsing enabled.
**2014-Artigo-Mancal-Mestrado.tex
(./2014-Artigo-Mancal-Mestrado.tex
LaTeX2e <2011/06/27>
Babel <3.9h> and hyphenation patterns for 3 languages loaded.
(/usr/share/texlive/texmf-dist/tex/latex/base/article.cls
Document Class: article 2007/10/19 v1.4h Standard LaTeX document class
(/usr/share/texlive/texmf-dist/tex/latex/base/fleqn.clo
File: fleqn.clo 1998/08/17 v1.1c Standard LaTeX option (flush left equations)
\mathindent=\dimen102
)
(/usr/share/texlive/texmf-dist/tex/latex/base/size10.clo
File: size10.clo 2007/10/19 v1.4h Standard LaTeX file (size option)
)
\c@part=\count79
\c@section=\count80
\c@subsection=\count81
\c@subsubsection=\count82
\c@paragraph=\count83
\c@subparagraph=\count84
\c@figure=\count85
\c@table=\count86
\abovecaptionskip=\skip41
\belowcaptionskip=\skip42
\bibindent=\dimen103
) (./cobem2015.sty
(/usr/share/texlive/texmf-dist/tex/latex/ccaption/ccaption.sty
Package: ccaption 2011/08/07 v3.2c Extended captioning and new floats
\@contcwidth=\skip43
\@contindw=\skip44
\abovelegendskip=\skip45
\belowlegendskip=\skip46
\c@newflo@tctr=\count87
)
(/usr/share/texlive/texmf-dist/tex/latex/base/fontenc.sty
Package: fontenc 2005/09/27 v1.99g Standard LaTeX package

(/usr/share/texlive/texmf-dist/tex/latex/base/t1enc.def
File: t1enc.def 2005/09/27 v1.99g Standard LaTeX file
LaTeX Font Info:    Redeclaring font encoding T1 on input line 43.
))
(/usr/share/texlive/texmf-dist/tex/latex/graphics/graphicx.sty
Package: graphicx 1999/02/16 v1.0f Enhanced LaTeX Graphics (DPC,SPQR)

(/usr/share/texlive/texmf-dist/tex/latex/graphics/keyval.sty
Package: keyval 1999/03/16 v1.13 key=value parser (DPC)
\KV@toks@=\toks14
)
(/usr/share/texlive/texmf-dist/tex/latex/graphics/graphics.sty
Package: graphics 2009/02/05 v1.0o Standard LaTeX Graphics (DPC,SPQR)

(/usr/share/texlive/texmf-dist/tex/latex/graphics/trig.sty
Package: trig 1999/03/16 v1.09 sin cos tan (DPC)
)
(/usr/share/texlive/texmf-dist/tex/latex/latexconfig/graphics.cfg
File: graphics.cfg 2010/04/23 v1.9 graphics configuration of TeX Live
)
Package graphics Info: Driver file: pdftex.def on input line 91.

(/usr/share/texlive/texmf-dist/tex/latex/pdftex-def/pdftex.def
File: pdftex.def 2011/05/27 v0.06d Graphics/color for pdfTeX

(/usr/share/texlive/texmf-dist/tex/generic/oberdiek/infwarerr.sty
Package: infwarerr 2010/04/08 v1.3 Providing info/warning/error messages (HO)
)
(/usr/share/texlive/texmf-dist/tex/generic/oberdiek/ltxcmds.sty
Package: ltxcmds 2011/11/09 v1.22 LaTeX kernel commands for general use (HO)
)
\Gread@gobject=\count88
))
\Gin@req@height=\dimen104
\Gin@req@width=\dimen105
)
(/usr/share/texlive/texmf-dist/tex/latex/fancyhdr/fancyhdr.sty
\fancy@headwidth=\skip47
\f@ncyO@elh=\skip48
\f@ncyO@erh=\skip49
\f@ncyO@olh=\skip50
\f@ncyO@orh=\skip51
\f@ncyO@elf=\skip52
\f@ncyO@erf=\skip53
\f@ncyO@olf=\skip54
\f@ncyO@orf=\skip55
)
(/usr/share/texlive/texmf-dist/tex/latex/psnfss/helvet.sty
Package: helvet 2005/04/12 PSNFSS-v9.2a (WaS) 
)
(/usr/share/texlive/texmf-dist/tex/latex/floatflt/floatflt.sty
Package: floatflt 1997/07/16 v. 1.31
\c@OptionTest=\count89
\figbox=\box26
\tabbox=\box27
\pagebox=\box28
\ffigcount=\count90
\ftabcount=\count91
\fftest=\count92
\hangcount=\count93
\nosuccesstryfig=\count94
\nosuccesstrytab=\count95
\figgutter=\dimen106
\tabgutter=\dimen107
\htdone=\dimen108
\pageht=\dimen109
\startpageht=\dimen110
\tabbredd=\dimen111
\floatfltwidth=\dimen112
\fltitemwidth=\dimen113
\outputpretest=\toks15
)
(/usr/share/texlive/texmf-dist/tex/latex/colortbl/colortbl.sty
Package: colortbl 2012/02/13 v1.0a Color table columns (DPC)

(/usr/share/texlive/texmf-dist/tex/latex/tools/array.sty
Package: array 2008/09/09 v2.4c Tabular extension package (FMi)
\col@sep=\dimen114
\extrarowheight=\dimen115
\NC@list=\toks16
\extratabsurround=\skip56
\backup@length=\skip57
)
(/usr/share/texlive/texmf-dist/tex/latex/graphics/color.sty
Package: color 2005/11/14 v1.0j Standard LaTeX Color (DPC)

(/usr/share/texlive/texmf-dist/tex/latex/latexconfig/color.cfg
File: color.cfg 2007/01/18 v1.5 color configuration of teTeX/TeXLive
)
Package color Info: Driver file: pdftex.def on input line 130.
)
\everycr=\toks17
\minrowclearance=\skip58
)
(/usr/share/texlive/texmf-dist/tex/latex/fancyvrb/fancyvrb.sty
Package: fancyvrb 2008/02/07

Style option: `fancyvrb' v2.7a, with DG/SPQR fixes, and firstline=lastline fix 
<2008/02/07> (tvz)
\FV@CodeLineNo=\count96
\FV@InFile=\read1
\FV@TabBox=\box29
\c@FancyVerbLine=\count97
\FV@StepNumber=\count98
\FV@OutFile=\write3
)
(/usr/share/texlive/texmf-dist/tex/latex/wrapfig/wrapfig.sty
\wrapoverhang=\dimen116
\WF@size=\dimen117
\c@WF@wrappedlines=\count99
\WF@box=\box30
\WF@everypar=\toks18
Package: wrapfig 2003/01/31  v 3.6
)
(/usr/share/texlive/texmf-dist/tex/generic/babel/babel.sty
Package: babel 2013/12/03 3.9h The Babel package

(/usr/share/texlive/texmf-dist/tex/generic/babel-english/english.ldf
Language: english 2012/08/20 v3.3p English support from the babel system

(/usr/share/texlive/texmf-dist/tex/generic/babel/babel.def
File: babel.def 2013/12/03 3.9h Babel common definitions
\babel@savecnt=\count100
\U@D=\dimen118
)
\l@british = a dialect from \language\l@english 
\l@UKenglish = a dialect from \language\l@english 
\l@canadian = a dialect from \language\l@american 
\l@australian = a dialect from \language\l@british 
\l@newzealand = a dialect from \language\l@british 
))
(/usr/share/texlive/texmf-dist/tex/latex/natbib/natbib.sty
Package: natbib 2010/09/13 8.31b (PWD, AO)
\bibhang=\skip59
\bibsep=\skip60
LaTeX Info: Redefining \cite on input line 694.
\c@NAT@ctr=\count101
))
(/usr/share/texlive/texmf-dist/tex/latex/amsmath/amsmath.sty
Package: amsmath 2013/01/14 v2.14 AMS math features
\@mathmargin=\skip61

For additional information on amsmath, use the `?' option.
(/usr/share/texlive/texmf-dist/tex/latex/amsmath/amstext.sty
Package: amstext 2000/06/29 v2.01

(/usr/share/texlive/texmf-dist/tex/latex/amsmath/amsgen.sty
File: amsgen.sty 1999/11/30 v2.0
\@emptytoks=\toks19
\ex@=\dimen119
))
(/usr/share/texlive/texmf-dist/tex/latex/amsmath/amsbsy.sty
Package: amsbsy 1999/11/29 v1.2d
\pmbraise@=\dimen120
)
(/usr/share/texlive/texmf-dist/tex/latex/amsmath/amsopn.sty
Package: amsopn 1999/12/14 v2.01 operator names
)
\inf@bad=\count102
LaTeX Info: Redefining \frac on input line 210.
\uproot@=\count103
\leftroot@=\count104
LaTeX Info: Redefining \overline on input line 306.
\classnum@=\count105
\DOTSCASE@=\count106
LaTeX Info: Redefining \ldots on input line 378.
LaTeX Info: Redefining \dots on input line 381.
LaTeX Info: Redefining \cdots on input line 466.
\Mathstrutbox@=\box31
\strutbox@=\box32
\big@size=\dimen121
LaTeX Font Info:    Redeclaring font encoding OML on input line 566.
LaTeX Font Info:    Redeclaring font encoding OMS on input line 567.
\macc@depth=\count107
\c@MaxMatrixCols=\count108
\dotsspace@=\muskip10
\c@parentequation=\count109
\dspbrk@lvl=\count110
\tag@help=\toks20
\row@=\count111
\column@=\count112
\maxfields@=\count113
\andhelp@=\toks21
\eqnshift@=\dimen122
\alignsep@=\dimen123
\tagshift@=\dimen124
\tagwidth@=\dimen125
\totwidth@=\dimen126
\lineht@=\dimen127
\@envbody=\toks22
\multlinegap=\skip62
\multlinetaggap=\skip63
\mathdisplay@stack=\toks23
LaTeX Info: Redefining \[ on input line 2665.
LaTeX Info: Redefining \] on input line 2666.
)
(/usr/share/texlive/texmf-dist/tex/latex/todo/todo.sty
Package: todo 2010/03/31 v2.4142 To-do list (Federico Garcia)

(/usr/share/texlive/texmf-dist/tex/latex/amsfonts/amssymb.sty
Package: amssymb 2013/01/14 v3.01 AMS font symbols

(/usr/share/texlive/texmf-dist/tex/latex/amsfonts/amsfonts.sty
Package: amsfonts 2013/01/14 v3.01 Basic AMSFonts support
\symAMSa=\mathgroup4
\symAMSb=\mathgroup5
LaTeX Font Info:    Overwriting math alphabet `\mathfrak' in version `bold'
(Font)                  U/euf/m/n --> U/euf/b/n on input line 106.
))
\@todotoks=\toks24
\c@todo=\count114
)
(./2014-Artigo-Mancal-Mestrado.aux)
\openout1 = `2014-Artigo-Mancal-Mestrado.aux'.

LaTeX Font Info:    Checking defaults for OML/cmm/m/it on input line 33.
LaTeX Font Info:    ... okay on input line 33.
LaTeX Font Info:    Checking defaults for T1/cmr/m/n on input line 33.
LaTeX Font Info:    ... okay on input line 33.
LaTeX Font Info:    Checking defaults for OT1/cmr/m/n on input line 33.
LaTeX Font Info:    ... okay on input line 33.
LaTeX Font Info:    Checking defaults for OMS/cmsy/m/n on input line 33.
LaTeX Font Info:    ... okay on input line 33.
LaTeX Font Info:    Checking defaults for OMX/cmex/m/n on input line 33.
LaTeX Font Info:    ... okay on input line 33.
LaTeX Font Info:    Checking defaults for U/cmr/m/n on input line 33.
LaTeX Font Info:    ... okay on input line 33.
LaTeX Font Info:    Try loading font information for T1+ptm on input line 33.

(/usr/share/texlive/texmf-dist/tex/latex/psnfss/t1ptm.fd
File: t1ptm.fd 2001/06/04 font definitions for T1/ptm.
)
(/usr/share/texlive/texmf-dist/tex/context/base/supp-pdf.mkii
[Loading MPS to PDF converter (version 2006.09.02).]
\scratchcounter=\count115
\scratchdimen=\dimen128
\scratchbox=\box33
\nofMPsegments=\count116
\nofMParguments=\count117
\everyMPshowfont=\toks25
\MPscratchCnt=\count118
\MPscratchDim=\dimen129
\MPnumerator=\count119
\makeMPintoPDFobject=\count120
\everyMPtoPDFconversion=\toks26
) (/usr/share/texlive/texmf-dist/tex/generic/oberdiek/pdftexcmds.sty
Package: pdftexcmds 2011/11/29 v0.20 Utility functions of pdfTeX for LuaTeX (HO
)

(/usr/share/texlive/texmf-dist/tex/generic/oberdiek/ifluatex.sty
Package: ifluatex 2010/03/01 v1.3 Provides the ifluatex switch (HO)
Package ifluatex Info: LuaTeX not detected.
)
(/usr/share/texlive/texmf-dist/tex/generic/oberdiek/ifpdf.sty
Package: ifpdf 2011/01/30 v2.3 Provides the ifpdf switch (HO)
Package ifpdf Info: pdfTeX in PDF mode is detected.
)
Package pdftexcmds Info: LuaTeX not detected.
Package pdftexcmds Info: \pdf@primitive is available.
Package pdftexcmds Info: \pdf@ifprimitive is available.
Package pdftexcmds Info: \pdfdraftmode found.
)
(/usr/share/texlive/texmf-dist/tex/latex/oberdiek/epstopdf-base.sty
Package: epstopdf-base 2010/02/09 v2.5 Base part for package epstopdf

(/usr/share/texlive/texmf-dist/tex/latex/oberdiek/grfext.sty
Package: grfext 2010/08/19 v1.1 Manage graphics extensions (HO)

(/usr/share/texlive/texmf-dist/tex/generic/oberdiek/kvdefinekeys.sty
Package: kvdefinekeys 2011/04/07 v1.3 Define keys (HO)
))
(/usr/share/texlive/texmf-dist/tex/latex/oberdiek/kvoptions.sty
Package: kvoptions 2011/06/30 v3.11 Key value format for package options (HO)

(/usr/share/texlive/texmf-dist/tex/generic/oberdiek/kvsetkeys.sty
Package: kvsetkeys 2012/04/25 v1.16 Key value parser (HO)

(/usr/share/texlive/texmf-dist/tex/generic/oberdiek/etexcmds.sty
Package: etexcmds 2011/02/16 v1.5 Avoid name clashes with e-TeX commands (HO)
Package etexcmds Info: Could not find \expanded.
(etexcmds)             That can mean that you are not using pdfTeX 1.50 or
(etexcmds)             that some package has redefined \expanded.
(etexcmds)             In the latter case, load this package earlier.
)))
Package grfext Info: Graphics extension search list:
(grfext)             [.png,.pdf,.jpg,.mps,.jpeg,.jbig2,.jb2,.PNG,.PDF,.JPG,.JPE
G,.JBIG2,.JB2,.eps]
(grfext)             \AppendGraphicsExtensions on input line 452.

(/usr/share/texlive/texmf-dist/tex/latex/latexconfig/epstopdf-sys.cfg
File: epstopdf-sys.cfg 2010/07/13 v1.3 Configuration of (r)epstopdf for TeX Liv
e
))
<cobem_logo.png, id=1, 1029.8475pt x 164.615pt>
File: cobem_logo.png Graphic file (type png)
 <use cobem_logo.png>
Package pdftex.def Info: cobem_logo.png used on input line 34.
(pdftex.def)             Requested size: 483.69684pt x 77.3138pt.

Overfull \hbox (405.16722pt too wide) in paragraph at lines 34--34
[][] 
 []

LaTeX Font Info:    Try loading font information for U+msa on input line 34.
(/usr/share/texlive/texmf-dist/tex/latex/amsfonts/umsa.fd
File: umsa.fd 2013/01/14 v3.01 AMS symbols A
)
LaTeX Font Info:    Try loading font information for U+msb on input line 34.

(/usr/share/texlive/texmf-dist/tex/latex/amsfonts/umsb.fd
File: umsb.fd 2013/01/14 v3.01 AMS symbols B
)
LaTeX Font Info:    Font shape `T1/ptm/bx/n' in size <14.4> not available
(Font)              Font shape `T1/ptm/b/n' tried instead on input line 38.
LaTeX Font Info:    Font shape `T1/ptm/bx/n' in size <10> not available
(Font)              Font shape `T1/ptm/b/n' tried instead on input line 40.
LaTeX Font Info:    Font shape `T1/ptm/bx/it' in size <10> not available
(Font)              Font shape `T1/ptm/b/it' tried instead on input line 51.

Overfull \hbox (7.0868pt too wide) in paragraph at lines 34--55
| [] 
 []

LaTeX Font Info:    Font shape `T1/ptm/bx/n' in size <7> not available
(Font)              Font shape `T1/ptm/b/n' tried instead on input line 57.

LaTeX Warning: Reference `todolbl:1' on page 1 undefined on input line 57.


Underfull \vbox (badness 10000) has occurred while \output is active []

 [1

{/var/lib/texmf/fonts/map/pdftex/updmap/pdftex.map} <./cobem_logo.png>]
<Figs/mancais/mancal_corte2.pdf, id=13, 537.41402pt x 158.88142pt>
File: Figs/mancais/mancal_corte2.pdf Graphic file (type pdf)

<use Figs/mancais/mancal_corte2.pdf>
Package pdftex.def Info: Figs/mancais/mancal_corte2.pdf used on input line 89.
(pdftex.def)             Requested size: 483.69684pt x 143.00165pt.

Underfull \vbox (badness 10000) has occurred while \output is active []

LaTeX Font Info:    Try loading font information for T1+phv on input line 97.

(/usr/share/texlive/texmf-dist/tex/latex/psnfss/t1phv.fd
File: t1phv.fd 2001/06/04 scalable font definitions for T1/phv.
)

Package Fancyhdr Warning: \headheight is too small (14.22636pt): 
 Make it at least 18.23401pt.
 We now make it that large for the rest of the document.
 This may cause the page layout to be inconsistent, however.

[2 <./Figs/mancais/mancal_corte2.pdf>]
<Figs/circuito_passivo.png, id=28, 659.46375pt x 477.28313pt>
File: Figs/circuito_passivo.png Graphic file (type png)

<use Figs/circuito_passivo.png>
Package pdftex.def Info: Figs/circuito_passivo.png used on input line 100.
(pdftex.def)             Requested size: 193.47577pt x 140.02533pt.
 (./Figs/modelo_passivo_DxDy.pdf_tex
<./Figs/modelo_passivo_DxDy.pdf, id=29, 177.88223pt x 139.09666pt>
File: ./Figs/modelo_passivo_DxDy.pdf Graphic file (type pdf)

<use ./Figs/modelo_passivo_DxDy.pdf>
Package pdftex.def Info: ./Figs/modelo_passivo_DxDy.pdf used on input line 52.
(pdftex.def)             Requested size: 193.47577pt x 151.29398pt.
)
<./Figs/Simulacoes/Passivo/forca_passivo_mod_fx_fy_3d.pdf, id=30, 361.00873pt x
 274.07332pt>
File: ./Figs/Simulacoes/Passivo/forca_passivo_mod_fx_fy_3d.pdf Graphic file (ty
pe pdf)
 <use ./Figs/Simulacoes/Passivo/forca_passivo_mod_fx_fy_3d.pdf>
Package pdftex.def Info: ./Figs/Simulacoes/Passivo/forca_passivo_mod_fx_fy_3d.p
df used on input line 123.
(pdftex.def)             Requested size: 193.47577pt x 146.88496pt.

<./Figs/Simulacoes/Passivo/forca_passivo_comsol_dy.pdf, id=31, 361.35pt x 361.3
5pt>
File: ./Figs/Simulacoes/Passivo/forca_passivo_comsol_dy.pdf Graphic file (type 
pdf)
 <use ./Figs/Simulacoes/Passivo/forca_passivo_comsol_dy.pdf>
Package pdftex.def Info: ./Figs/Simulacoes/Passivo/forca_passivo_comsol_dy.pdf 
used on input line 133.
(pdftex.def)             Requested size: 193.47577pt x 193.47748pt.
 [3 <./Figs/circuito_passivo.png> <./Figs/modelo_passivo_DxDy.pdf>]
<./Figs/modelo_mancal_estator_interno_fluxo.pdf, id=40, 199.08525pt x 162.46147
pt>
File: ./Figs/modelo_mancal_estator_interno_fluxo.pdf Graphic file (type pdf)
 <use ./Figs/modelo_mancal_estator_interno_fluxo.pdf>
Package pdftex.def Info: ./Figs/modelo_mancal_estator_interno_fluxo.pdf used on
 input line 146.
(pdftex.def)             Requested size: 241.84842pt x 197.36232pt.

<./Figs/modelo_circuito_ativo_explicativo.pdf, id=41, 312.91342pt x 177.80713pt
>
File: ./Figs/modelo_circuito_ativo_explicativo.pdf Graphic file (type pdf)
 <use ./Figs/modelo_circuito_ativo_explicativo.pdf>
Package pdftex.def Info: ./Figs/modelo_circuito_ativo_explicativo.pdf used on i
nput line 155.
(pdftex.def)             Requested size: 193.47577pt x 109.94083pt.
 [4 <./Figs/Simulacoes/Passivo/forca_passivo_mod_fx_fy_3d.pdf> <./Figs/Simulaco
es/Passivo/forca_passivo_comsol_dy.pdf>]
<./Figs//Simulacoes/Ativo/Forca_ativo_artigo.pdf, id=91, 361.35pt x 361.35pt>
File: ./Figs//Simulacoes/Ativo/Forca_ativo_artigo.pdf Graphic file (type pdf)

<use ./Figs//Simulacoes/Ativo/Forca_ativo_artigo.pdf>
Package pdftex.def Info: ./Figs//Simulacoes/Ativo/Forca_ativo_artigo.pdf used o
n input line 183.
(pdftex.def)             Requested size: 193.47577pt x 193.47748pt.


LaTeX Warning: Reference `todolbl:2' on page 5 undefined on input line 200.


LaTeX Warning: Reference `fig:mancal:batente:corte' on page 5 undefined on inpu
t line 202.


Underfull \vbox (badness 6236) has occurred while \output is active []

 [5 <./Figs/modelo_mancal_estator_interno_fluxo.pdf> <./Figs/modelo_circuito_at
ivo_explicativo.pdf

pdfTeX warning: pdflatex (file ./Figs/modelo_circuito_ativo_explicativo.pdf): P
DF inclusion: multiple pdfs with page group included in a single page
>]
<./Figs/../Figs/Modelagem/diagrama_blocos_modelo_linear.pdf, id=250, 1173.51474
pt x 298.94583pt>
File: ./Figs/../Figs/Modelagem/diagrama_blocos_modelo_linear.pdf Graphic file (
type pdf)

<use ./Figs/../Figs/Modelagem/diagrama_blocos_modelo_linear.pdf>
Package pdftex.def Info: ./Figs/../Figs/Modelagem/diagrama_blocos_modelo_linear
.pdf used on input line 262.
(pdftex.def)             Requested size: 483.69684pt x 123.21632pt.
 [6 <./Figs//Simulacoes/Ativo/Forca_ativo_artigo.pdf>] (./2014-Artigo-Mancal-Me
strado.bbl
LaTeX Font Info:    Try loading font information for T1+cmtt on input line 21.

(/usr/share/texlive/texmf-dist/tex/latex/base/t1cmtt.fd
File: t1cmtt.fd 1999/05/25 v2.5h Standard LaTeX font definitions
)
Underfull \hbox (badness 1158) in paragraph at lines 13--22
[]\T1/ptm/m/n/10 Bangcheng, H., Shiqiang, Z., Xi, W. and Qian, Y., 2012.  ``In-
te-gral De-sign and Anal-y-sis of Pas-sive Mag-
 []


Underfull \hbox (badness 1009) in paragraph at lines 13--22
\T1/ptm/m/it/10 Mag-net-ics\T1/ptm/m/n/10 , Vol. 48, No. 6, pp. 1959--1966.  IS
SN 0018-9464.  doi:10.1109/TMAG.2011.2180731.  URL
 []


Underfull \hbox (badness 10000) in paragraph at lines 41--47
[]\T1/ptm/m/n/10 Marble, S. and Tow, D., 2006.  ``Bear-ing health mon-i-tor-ing
 and life ex-ten-sion in satel-
 []


Underfull \hbox (badness 10000) in paragraph at lines 41--47
\T1/ptm/m/n/10 lite mo-men-tum/reaction wheels''.  \T1/ptm/m/it/10 Aerospace Co
n-fer-ence, 2006 IEEE\T1/ptm/m/n/10 , pp. 1--7.  URL
 []


Underfull \hbox (badness 10000) in paragraph at lines 59--65
[]\T1/ptm/m/n/10 Taniwaki, Shige-mune and Ohkami, Y., 2003.  ``Ex-per-i-men-tal
 and nu-mer-i-cal anal-y-sis of re-ac-tion
 []


Underfull \hbox (badness 10000) in paragraph at lines 59--65
\T1/ptm/m/n/10 wheel dis-tur-bances''.  \T1/ptm/m/it/10 JSME In-ter-na-tional J
our-nal Se-ries C\T1/ptm/m/n/10 , Vol. 46, pp. 519----526.  URL
 []

) [7 <./Figs/../Figs/Modelagem/diagrama_blocos_modelo_linear.pdf>]
(./2014-Artigo-Mancal-Mestrado.aux)

LaTeX Warning: There were undefined references.

 ) 
Here is how much of TeX's memory you used:
 4558 strings out of 495004
 61186 string characters out of 6180663
 129196 words of memory out of 5000000
 7642 multiletter control sequences out of 15000+600000
 34784 words of font info for 44 fonts, out of 8000000 for 9000
 16 hyphenation exceptions out of 8191
 41i,12n,45p,1201b,355s stack positions out of 5000i,500n,10000p,200000b,80000s
 </home/rafa/.texmf-var/fonts/pk/ljfour/jknappen/ec/ectt1000.600pk>{/usr/shar
e/texlive/texmf-dist/fonts/enc/dvips/base/8r.enc}</usr/share/texlive/texmf-dist
/fonts/type1/public/amsfonts/cm/cmex10.pfb></usr/share/texlive/texmf-dist/fonts
/type1/public/amsfonts/cm/cmmi10.pfb></usr/share/texlive/texmf-dist/fonts/type1
/public/amsfonts/cm/cmmi7.pfb></usr/share/texlive/texmf-dist/fonts/type1/public
/amsfonts/cm/cmr10.pfb></usr/share/texlive/texmf-dist/fonts/type1/public/amsfon
ts/cm/cmr5.pfb></usr/share/texlive/texmf-dist/fonts/type1/public/amsfonts/cm/cm
r7.pfb></usr/share/texlive/texmf-dist/fonts/type1/public/amsfonts/cm/cmsy10.pfb
></usr/share/texmf/fonts/type1/public/tex-gyre/qhvr.pfb></usr/share/texlive/tex
mf-dist/fonts/type1/urw/helvetic/uhvr8a.pfb></usr/share/texlive/texmf-dist/font
s/type1/urw/times/utmb8a.pfb></usr/share/texlive/texmf-dist/fonts/type1/urw/tim
es/utmbi8a.pfb></usr/share/texlive/texmf-dist/fonts/type1/urw/times/utmr8a.pfb>
</usr/share/texlive/texmf-dist/fonts/type1/urw/times/utmri8a.pfb>
Output written on 2014-Artigo-Mancal-Mestrado.pdf (7 pages, 413008 bytes).
PDF statistics:
 360 PDF objects out of 1000 (max. 8388607)
 202 compressed objects within 3 object streams
 0 named destinations out of 1000 (max. 500000)
 51 words of extra memory for PDF output out of 10000 (max. 10000000)

